<?xml version="1.0" encoding="UTF-8"?>
<!-- Generated by org.testng.reporters.JUnitReportReporter -->
<testsuite skipped="1" hostname="Admin-PC" name="com.uno.test.sd.SD_AssetDetailsTest" tests="1" failures="0" timestamp="24 Dec 2018 04:26:47 GMT" time="0.000" errors="0">
  <testcase name="CreateManualAsset" time="0.000" classname="com.uno.test.sd.SD_AssetDetailsTest">
    <skipped/>
  </testcase> <!-- CreateManualAsset -->
</testsuite> <!-- com.uno.test.sd.SD_AssetDetailsTest -->
